# JRE version: OpenJDK Runtime Environment Microsoft-8035246 (17.0.8+7) (build 17.0.8+7-LTS)
# Java VM: OpenJDK 64-Bit Server VM Microsoft-8035246 (17.0.8+7-LTS, mixed mode, sharing, tiered, compressed oops, compressed class ptrs, g1 gc, windows-amd64)
GC Precious Log:
 CPUs: 4 total, 4 available
 Memory: 8005M
 Large Page Support: Disabled
 NUMA Support: Disabled
 Compressed Oops: Enabled (32-bit)
 Heap Region Size: 1M
 Heap Min Capacity: 8M
 Heap Initial Capacity: 126M
 Heap Max Capacity: 2G
 Pre-touch: Disabled
 Parallel Workers: 4
 Concurrent Workers: 1
 Concurrent Refinement Workers: 4
 Periodic GC: Disabled
Heap:
 garbage-first heap   total 337920K, used 251418K [0x0000000080000000, 0x0000000100000000)
  region size 1024K, 113 young (115712K), 13 survivors (13312K)
 Metaspace       used 106653K, committed 107584K, reserved 557056K
  class space    used 14683K, committed 15104K, reserved 425984K
GC Heap History (20 events):
Event: 57.794 GC heap before
{Heap before GC invocations=45 (full 0):
 garbage-first heap   total 178176K, used 137925K [0x0000000080000000, 0x0000000100000000)
  region size 1024K, 49 young (50176K), 2 survivors (2048K)
 Metaspace       used 79650K, committed 80320K, reserved 557056K
  class space    used 10984K, committed 11328K, reserved 425984K
}
Event: 57.805 GC heap after
{Heap after GC invocations=46 (full 0):
 garbage-first heap   total 178176K, used 87706K [0x0000000080000000, 0x0000000100000000)
  region size 1024K, 6 young (6144K), 6 survivors (6144K)
 Metaspace       used 79650K, committed 80320K, reserved 557056K
  class space    used 10984K, committed 11328K, reserved 425984K
}
Event: 57.831 GC heap before
{Heap before GC invocations=46 (full 0):
 garbage-first heap   total 178176K, used 89754K [0x0000000080000000, 0x0000000100000000)
  region size 1024K, 8 young (8192K), 6 survivors (6144K)
 Metaspace       used 79771K, committed 80448K, reserved 557056K
  class space    used 10998K, committed 11328K, reserved 425984K
}
Event: 57.837 GC heap after
{Heap after GC invocations=47 (full 0):
 garbage-first heap   total 178176K, used 87937K [0x0000000080000000, 0x0000000100000000)
  region size 1024K, 1 young (1024K), 1 survivors (1024K)
 Metaspace       used 79771K, committed 80448K, reserved 557056K
  class space    used 10998K, committed 11328K, reserved 425984K
}
Event: 58.627 GC heap before
{Heap before GC invocations=47 (full 0):
 garbage-first heap   total 178176K, used 134017K [0x0000000080000000, 0x0000000100000000)
  region size 1024K, 47 young (48128K), 1 survivors (1024K)
 Metaspace       used 83219K, committed 83904K, reserved 557056K
  class space    used 11451K, committed 11776K, reserved 425984K
}
Event: 58.631 GC heap after
{Heap after GC invocations=48 (full 0):
 garbage-first heap   total 178176K, used 89284K [0x0000000080000000, 0x0000000100000000)
  region size 1024K, 3 young (3072K), 3 survivors (3072K)
 Metaspace       used 83219K, committed 83904K, reserved 557056K
  class space    used 11451K, committed 11776K, reserved 425984K
}
Event: 63.491 GC heap before
{Heap before GC invocations=49 (full 0):
 garbage-first heap   total 178176K, used 137412K [0x0000000080000000, 0x0000000100000000)
  region size 1024K, 50 young (51200K), 3 survivors (3072K)
 Metaspace       used 83622K, committed 84352K, reserved 557056K
  class space    used 11519K, committed 11840K, reserved 425984K
}
Event: 63.499 GC heap after
{Heap after GC invocations=50 (full 0):
 garbage-first heap   total 178176K, used 92923K [0x0000000080000000, 0x0000000100000000)
  region size 1024K, 6 young (6144K), 6 survivors (6144K)
 Metaspace       used 83622K, committed 84352K, reserved 557056K
  class space    used 11519K, committed 11840K, reserved 425984K
}
Event: 63.567 GC heap before
{Heap before GC invocations=50 (full 0):
 garbage-first heap   total 178176K, used 94971K [0x0000000080000000, 0x0000000100000000)
  region size 1024K, 8 young (8192K), 6 survivors (6144K)
 Metaspace       used 83628K, committed 84352K, reserved 557056K
  class space    used 11520K, committed 11840K, reserved 425984K
}
Event: 63.576 GC heap after
{Heap after GC invocations=51 (full 0):
 garbage-first heap   total 178176K, used 93262K [0x0000000080000000, 0x0000000100000000)
  region size 1024K, 1 young (1024K), 1 survivors (1024K)
 Metaspace       used 83628K, committed 84352K, reserved 557056K
  class space    used 11520K, committed 11840K, reserved 425984K
}
Event: 64.884 GC heap before
{Heap before GC invocations=51 (full 0):
 garbage-first heap   total 178176K, used 140366K [0x0000000080000000, 0x0000000100000000)
  region size 1024K, 47 young (48128K), 1 survivors (1024K)
 Metaspace       used 86820K, committed 87552K, reserved 557056K
  class space    used 11962K, committed 12288K, reserved 425984K
}
Event: 64.891 GC heap after
{Heap after GC invocations=52 (full 0):
 garbage-first heap   total 356352K, used 94748K [0x0000000080000000, 0x0000000100000000)
  region size 1024K, 3 young (3072K), 3 survivors (3072K)
 Metaspace       used 86820K, committed 87552K, reserved 557056K
  class space    used 11962K, committed 12288K, reserved 425984K
}
Event: 68.877 GC heap before
{Heap before GC invocations=53 (full 0):
 garbage-first heap   total 337920K, used 255516K [0x0000000080000000, 0x0000000100000000)
  region size 1024K, 155 young (158720K), 3 survivors (3072K)
 Metaspace       used 94033K, committed 94848K, reserved 557056K
  class space    used 13081K, committed 13440K, reserved 425984K
}
Event: 68.903 GC heap after
{Heap after GC invocations=54 (full 0):
 garbage-first heap   total 337920K, used 113844K [0x0000000080000000, 0x0000000100000000)
  region size 1024K, 17 young (17408K), 17 survivors (17408K)
 Metaspace       used 94033K, committed 94848K, reserved 557056K
  class space    used 13081K, committed 13440K, reserved 425984K
}
Event: 68.917 GC heap before
{Heap before GC invocations=54 (full 0):
 garbage-first heap   total 337920K, used 114868K [0x0000000080000000, 0x0000000100000000)
  region size 1024K, 18 young (18432K), 17 survivors (17408K)
 Metaspace       used 94109K, committed 94912K, reserved 557056K
  class space    used 13088K, committed 13440K, reserved 425984K
}
Event: 68.933 GC heap after
{Heap after GC invocations=55 (full 0):
 garbage-first heap   total 337920K, used 114954K [0x0000000080000000, 0x0000000100000000)
  region size 1024K, 2 young (2048K), 2 survivors (2048K)
 Metaspace       used 94109K, committed 94912K, reserved 557056K
  class space    used 13088K, committed 13440K, reserved 425984K
}
Event: 73.366 GC heap before
{Heap before GC invocations=55 (full 0):
 garbage-first heap   total 337920K, used 260362K [0x0000000080000000, 0x0000000100000000)
  region size 1024K, 142 young (145408K), 2 survivors (2048K)
 Metaspace       used 101018K, committed 101888K, reserved 557056K
  class space    used 14044K, committed 14464K, reserved 425984K
}
Event: 73.386 GC heap after
{Heap after GC invocations=56 (full 0):
 garbage-first heap   total 337920K, used 137084K [0x0000000080000000, 0x0000000100000000)
  region size 1024K, 18 young (18432K), 18 survivors (18432K)
 Metaspace       used 101018K, committed 101888K, reserved 557056K
  class space    used 14044K, committed 14464K, reserved 425984K
}
Event: 77.254 GC heap before
{Heap before GC invocations=56 (full 0):
 garbage-first heap   total 337920K, used 260988K [0x0000000080000000, 0x0000000100000000)
  region size 1024K, 135 young (138240K), 18 survivors (18432K)
 Metaspace       used 105282K, committed 106176K, reserved 557056K
  class space    used 14475K, committed 14912K, reserved 425984K
}
Event: 77.288 GC heap after
{Heap after GC invocations=57 (full 0):
 garbage-first heap   total 337920K, used 151066K [0x0000000080000000, 0x0000000100000000)
  region size 1024K, 13 young (13312K), 13 survivors (13312K)
 Metaspace       used 105282K, committed 106176K, reserved 557056K
  class space    used 14475K, committed 14912K, reserved 425984K
}

